<?xml version="1.0" encoding="UTF-8" standalone="no"?>
<!DOCTYPE log SYSTEM "logger.dtd">
<log>
<record>
  <date>2019-05-07T10:35:11</date>
  <millis>1557214511412</millis>
  <sequence>0</sequence>
  <level>START</level>
  <class>com.kms.katalon.core.logging.XmlKeywordLogger</class>
  <method>startSuite</method>
  <thread>1</thread>
  <message>Start Test Suite : Test Suites/TS_1_Create_and_Verification_Account</message>
  <nestedLevel>0</nestedLevel>
  <property name="name">TS_1_Create_and_Verification_Account</property>
  <property name="description"></property>
  <property name="id">Test Suites/TS_1_Create_and_Verification_Account</property>
</record>
<record>
  <date>2019-05-07T10:35:11</date>
  <millis>1557214511425</millis>
  <sequence>1</sequence>
  <level>RUN_DATA</level>
  <class>com.kms.katalon.core.logging.XmlKeywordLogger</class>
  <method>logMessage</method>
  <thread>1</thread>
  <message>hostName = 7713 - 172.30.9.148</message>
  <nestedLevel>0</nestedLevel>
  <property name="hostName">7713 - 172.30.9.148</property>
</record>
<record>
  <date>2019-05-07T10:35:11</date>
  <millis>1557214511426</millis>
  <sequence>2</sequence>
  <level>RUN_DATA</level>
  <class>com.kms.katalon.core.logging.XmlKeywordLogger</class>
  <method>logMessage</method>
  <thread>1</thread>
  <message>os = Windows 10 64bit</message>
  <nestedLevel>0</nestedLevel>
  <property name="os">Windows 10 64bit</property>
</record>
<record>
  <date>2019-05-07T10:35:11</date>
  <millis>1557214511426</millis>
  <sequence>3</sequence>
  <level>RUN_DATA</level>
  <class>com.kms.katalon.core.logging.XmlKeywordLogger</class>
  <method>logMessage</method>
  <thread>1</thread>
  <message>hostAddress = 172.30.9.148</message>
  <nestedLevel>0</nestedLevel>
  <property name="hostAddress">172.30.9.148</property>
</record>
<record>
  <date>2019-05-07T10:35:11</date>
  <millis>1557214511427</millis>
  <sequence>4</sequence>
  <level>RUN_DATA</level>
  <class>com.kms.katalon.core.logging.XmlKeywordLogger</class>
  <method>logMessage</method>
  <thread>1</thread>
  <message>katalonVersion = 6.1.2.2</message>
  <nestedLevel>0</nestedLevel>
  <property name="katalonVersion">6.1.2.2</property>
</record>
<record>
  <date>2019-05-07T10:35:11</date>
  <millis>1557214511676</millis>
  <sequence>5</sequence>
  <level>START</level>
  <class>com.kms.katalon.core.logging.XmlKeywordLogger</class>
  <method>startTest</method>
  <thread>1</thread>
  <message>Start Test Case : Test Cases/TC_01_CreateCustomer_OK</message>
  <nestedLevel>1</nestedLevel>
  <property name="name">Test Cases/TC_01_CreateCustomer_OK</property>
  <property name="description"></property>
  <property name="id">Test Cases/TC_01_CreateCustomer_OK</property>
  <property name="source">C:\\Users\\7713\\Katalon Studio\\Turkuaz_Test_Project\\Test Cases\\TC_01_CreateCustomer_OK.tc</property>
  <property name="tag"></property>
  <property name="isOptional">false</property>
</record>
<record>
  <date>2019-05-07T10:35:12</date>
  <millis>1557214512029</millis>
  <sequence>7</sequence>
  <level>INFO</level>
  <class>com.kms.katalon.core.logging.XmlKeywordLogger</class>
  <method>logMessage</method>
  <thread>1</thread>
  <message>(Default) custID = 2335345435</message>
  <nestedLevel>1</nestedLevel>
</record>
<record>
  <date>2019-05-07T10:35:12</date>
  <millis>1557214512462</millis>
  <sequence>8</sequence>
  <level>START</level>
  <class>com.kms.katalon.core.logging.XmlKeywordLogger</class>
  <method>startKeyword</method>
  <thread>1</thread>
  <message>Start action : custID = com.turkuaz.test.pkg.getTransactions.getRandomID()</message>
  <nestedLevel>1</nestedLevel>
  <property name="startLine">17</property>
  <property name="stepIndex">1</property>
</record>
<record>
  <date>2019-05-07T10:35:12</date>
  <millis>1557214512493</millis>
  <sequence>9</sequence>
  <level>PASSED</level>
  <class>com.kms.katalon.core.logging.XmlKeywordLogger</class>
  <method>logMessage</method>
  <thread>1</thread>
  <message>com.turkuaz.test.pkg.getTransactions.getRandomID is PASSED</message>
  <nestedLevel>1</nestedLevel>
</record>
<record>
  <date>2019-05-07T10:35:12</date>
  <millis>1557214512493</millis>
  <sequence>10</sequence>
  <level>END</level>
  <class>com.kms.katalon.core.logging.XmlKeywordLogger</class>
  <method>endKeyword</method>
  <thread>1</thread>
  <message>End action : custID = com.turkuaz.test.pkg.getTransactions.getRandomID()</message>
  <nestedLevel>1</nestedLevel>
</record>
<record>
  <date>2019-05-07T10:35:12</date>
  <millis>1557214512494</millis>
  <sequence>11</sequence>
  <level>START</level>
  <class>com.kms.katalon.core.logging.XmlKeywordLogger</class>
  <method>startKeyword</method>
  <thread>1</thread>
  <message>Start action : response1 = sendRequest(findTestObject(\&amp;quot;Customer/CreateCustomer\&amp;quot;, [\&amp;quot;custID\&amp;quot;:custID]))</message>
  <nestedLevel>1</nestedLevel>
  <property name="startLine">18</property>
  <property name="stepIndex">2</property>
</record>
<record>
  <date>2019-05-07T10:35:14</date>
  <millis>1557214514902</millis>
  <sequence>15</sequence>
  <level>INFO</level>
  <class>com.kms.katalon.core.logging.XmlKeywordLogger</class>
  <method>logMessage</method>
  <thread>1</thread>
  <message>HAR: C:\\Users\\7713\\Katalon Studio\\Turkuaz_Test_Project\\Reports\\TS_1_Create_and_Verification_Account\\20190507_103509\\requests\\main\\null.har</message>
  <nestedLevel>1</nestedLevel>
  <property name="harId">77b686f0-40e8-4fb5-a139-f4075fd35a4b</property>
</record>
<record>
  <date>2019-05-07T10:35:15</date>
  <millis>1557214515000</millis>
  <sequence>16</sequence>
  <level>PASSED</level>
  <class>com.kms.katalon.core.logging.XmlKeywordLogger</class>
  <method>logMessage</method>
  <thread>1</thread>
  <message>Send request successfully</message>
  <nestedLevel>1</nestedLevel>
</record>
<record>
  <date>2019-05-07T10:35:15</date>
  <millis>1557214515000</millis>
  <sequence>17</sequence>
  <level>END</level>
  <class>com.kms.katalon.core.logging.XmlKeywordLogger</class>
  <method>endKeyword</method>
  <thread>1</thread>
  <message>End action : response1 = sendRequest(findTestObject(\&amp;quot;Customer/CreateCustomer\&amp;quot;, [\&amp;quot;custID\&amp;quot;:custID]))</message>
  <nestedLevel>1</nestedLevel>
</record>
<record>
  <date>2019-05-07T10:35:15</date>
  <millis>1557214515000</millis>
  <sequence>18</sequence>
  <level>START</level>
  <class>com.kms.katalon.core.logging.XmlKeywordLogger</class>
  <method>startKeyword</method>
  <thread>1</thread>
  <message>Start action : println(response1.getResponseText())</message>
  <nestedLevel>1</nestedLevel>
  <property name="startLine">19</property>
  <property name="stepIndex">3</property>
</record>
<record>
  <date>2019-05-07T10:35:15</date>
  <millis>1557214515009</millis>
  <sequence>19</sequence>
  <level>END</level>
  <class>com.kms.katalon.core.logging.XmlKeywordLogger</class>
  <method>endKeyword</method>
  <thread>1</thread>
  <message>End action : println(response1.getResponseText())</message>
  <nestedLevel>1</nestedLevel>
</record>
<record>
  <date>2019-05-07T10:35:15</date>
  <millis>1557214515010</millis>
  <sequence>20</sequence>
  <level>START</level>
  <class>com.kms.katalon.core.logging.XmlKeywordLogger</class>
  <method>startKeyword</method>
  <thread>1</thread>
  <message>Start action : println(\&amp;quot;\ncustID : \&amp;quot; + custID + \&amp;quot;\n\&amp;quot;)</message>
  <nestedLevel>1</nestedLevel>
  <property name="startLine">23</property>
  <property name="stepIndex">4</property>
</record>
<record>
  <date>2019-05-07T10:35:15</date>
  <millis>1557214515011</millis>
  <sequence>21</sequence>
  <level>END</level>
  <class>com.kms.katalon.core.logging.XmlKeywordLogger</class>
  <method>endKeyword</method>
  <thread>1</thread>
  <message>End action : println(\&amp;quot;\ncustID : \&amp;quot; + custID + \&amp;quot;\n\&amp;quot;)</message>
  <nestedLevel>1</nestedLevel>
</record>
<record>
  <date>2019-05-07T10:35:15</date>
  <millis>1557214515011</millis>
  <sequence>22</sequence>
  <level>START</level>
  <class>com.kms.katalon.core.logging.XmlKeywordLogger</class>
  <method>startKeyword</method>
  <thread>1</thread>
  <message>Start action : println(\&amp;quot;\nSELECT * FROM CUST WHERE EXT_CUST_ID = \&amp;quot; + custID + \&amp;quot;;\&amp;quot;)</message>
  <nestedLevel>1</nestedLevel>
  <property name="startLine">24</property>
  <property name="stepIndex">5</property>
</record>
<record>
  <date>2019-05-07T10:35:15</date>
  <millis>1557214515012</millis>
  <sequence>23</sequence>
  <level>END</level>
  <class>com.kms.katalon.core.logging.XmlKeywordLogger</class>
  <method>endKeyword</method>
  <thread>1</thread>
  <message>End action : println(\&amp;quot;\nSELECT * FROM CUST WHERE EXT_CUST_ID = \&amp;quot; + custID + \&amp;quot;;\&amp;quot;)</message>
  <nestedLevel>1</nestedLevel>
</record>
<record>
  <date>2019-05-07T10:35:15</date>
  <millis>1557214515012</millis>
  <sequence>24</sequence>
  <level>START</level>
  <class>com.kms.katalon.core.logging.XmlKeywordLogger</class>
  <method>startKeyword</method>
  <thread>1</thread>
  <message>Start action : FaultMessageControl = response1.getResponseText()</message>
  <nestedLevel>1</nestedLevel>
  <property name="startLine">30</property>
  <property name="stepIndex">6</property>
</record>
<record>
  <date>2019-05-07T10:35:15</date>
  <millis>1557214515013</millis>
  <sequence>25</sequence>
  <level>END</level>
  <class>com.kms.katalon.core.logging.XmlKeywordLogger</class>
  <method>endKeyword</method>
  <thread>1</thread>
  <message>End action : FaultMessageControl = response1.getResponseText()</message>
  <nestedLevel>1</nestedLevel>
</record>
<record>
  <date>2019-05-07T10:35:15</date>
  <millis>1557214515013</millis>
  <sequence>26</sequence>
  <level>START</level>
  <class>com.kms.katalon.core.logging.XmlKeywordLogger</class>
  <method>startKeyword</method>
  <thread>1</thread>
  <message>Start action : if (!(FaultMessageControl.contains(\&amp;quot;&amp;lt;FAULT_CODE&amp;gt;\&amp;quot;)))</message>
  <nestedLevel>1</nestedLevel>
  <property name="startLine">31</property>
  <property name="stepIndex">7</property>
</record>
<record>
  <date>2019-05-07T10:35:15</date>
  <millis>1557214515015</millis>
  <sequence>27</sequence>
  <level>START</level>
  <class>com.kms.katalon.core.logging.XmlKeywordLogger</class>
  <method>startKeyword</method>
  <thread>1</thread>
  <message>Start action : println(\&amp;quot;\n***** B A \u015E A R I L I *****\n\&amp;quot;)</message>
  <nestedLevel>2</nestedLevel>
  <property name="startLine">32</property>
  <property name="stepIndex">1</property>
</record>
<record>
  <date>2019-05-07T10:35:15</date>
  <millis>1557214515018</millis>
  <sequence>28</sequence>
  <level>END</level>
  <class>com.kms.katalon.core.logging.XmlKeywordLogger</class>
  <method>endKeyword</method>
  <thread>1</thread>
  <message>End action : println(\&amp;quot;\n***** B A \u015E A R I L I *****\n\&amp;quot;)</message>
  <nestedLevel>2</nestedLevel>
</record>
<record>
  <date>2019-05-07T10:35:15</date>
  <millis>1557214515018</millis>
  <sequence>29</sequence>
  <level>END</level>
  <class>com.kms.katalon.core.logging.XmlKeywordLogger</class>
  <method>endKeyword</method>
  <thread>1</thread>
  <message>End action : if (!(FaultMessageControl.contains(\&amp;quot;&amp;lt;FAULT_CODE&amp;gt;\&amp;quot;)))</message>
  <nestedLevel>1</nestedLevel>
</record>
<record>
  <date>2019-05-07T10:35:15</date>
  <millis>1557214515018</millis>
  <sequence>30</sequence>
  <level>PASSED</level>
  <class>com.kms.katalon.core.logging.XmlKeywordLogger</class>
  <method>logMessage</method>
  <thread>1</thread>
  <message>Test Cases/TC_01_CreateCustomer_OK</message>
  <nestedLevel>1</nestedLevel>
</record>
<record>
  <date>2019-05-07T10:35:15</date>
  <millis>1557214515019</millis>
  <sequence>31</sequence>
  <level>END</level>
  <class>com.kms.katalon.core.logging.XmlKeywordLogger</class>
  <method>endTest</method>
  <thread>1</thread>
  <message>End Test Case : Test Cases/TC_01_CreateCustomer_OK</message>
  <nestedLevel>0</nestedLevel>
</record>
<record>
  <date>2019-05-07T10:35:15</date>
  <millis>1557214515024</millis>
  <sequence>32</sequence>
  <level>START</level>
  <class>com.kms.katalon.core.logging.XmlKeywordLogger</class>
  <method>startTest</method>
  <thread>1</thread>
  <message>Start Test Case : Test Cases/TC_02_CreateBillingAccount_OK</message>
  <nestedLevel>1</nestedLevel>
  <property name="name">Test Cases/TC_02_CreateBillingAccount_OK</property>
  <property name="description"></property>
  <property name="id">Test Cases/TC_02_CreateBillingAccount_OK</property>
  <property name="source">C:\\Users\\7713\\Katalon Studio\\Turkuaz_Test_Project\\Test Cases\\TC_02_CreateBillingAccount_OK.tc</property>
  <property name="tag"></property>
  <property name="isOptional">false</property>
</record>
<record>
  <date>2019-05-07T10:35:15</date>
  <millis>1557214515047</millis>
  <sequence>34</sequence>
  <level>INFO</level>
  <class>com.kms.katalon.core.logging.XmlKeywordLogger</class>
  <method>logMessage</method>
  <thread>1</thread>
  <message>(Default) billAcctID = 43534534534</message>
  <nestedLevel>1</nestedLevel>
</record>
<record>
  <date>2019-05-07T10:35:15</date>
  <millis>1557214515059</millis>
  <sequence>35</sequence>
  <level>INFO</level>
  <class>com.kms.katalon.core.logging.XmlKeywordLogger</class>
  <method>logMessage</method>
  <thread>1</thread>
  <message>(Default) custID = 1071362</message>
  <nestedLevel>1</nestedLevel>
</record>
<record>
  <date>2019-05-07T10:35:15</date>
  <millis>1557214515227</millis>
  <sequence>36</sequence>
  <level>START</level>
  <class>com.kms.katalon.core.logging.XmlKeywordLogger</class>
  <method>startKeyword</method>
  <thread>1</thread>
  <message>Start action : custID = com.turkuaz.test.pkg.getTransactions.getRandomID()</message>
  <nestedLevel>1</nestedLevel>
  <property name="startLine">16</property>
  <property name="stepIndex">1</property>
</record>
<record>
  <date>2019-05-07T10:35:15</date>
  <millis>1557214515228</millis>
  <sequence>37</sequence>
  <level>PASSED</level>
  <class>com.kms.katalon.core.logging.XmlKeywordLogger</class>
  <method>logMessage</method>
  <thread>1</thread>
  <message>com.turkuaz.test.pkg.getTransactions.getRandomID is PASSED</message>
  <nestedLevel>1</nestedLevel>
</record>
<record>
  <date>2019-05-07T10:35:15</date>
  <millis>1557214515229</millis>
  <sequence>38</sequence>
  <level>END</level>
  <class>com.kms.katalon.core.logging.XmlKeywordLogger</class>
  <method>endKeyword</method>
  <thread>1</thread>
  <message>End action : custID = com.turkuaz.test.pkg.getTransactions.getRandomID()</message>
  <nestedLevel>1</nestedLevel>
</record>
<record>
  <date>2019-05-07T10:35:15</date>
  <millis>1557214515229</millis>
  <sequence>39</sequence>
  <level>START</level>
  <class>com.kms.katalon.core.logging.XmlKeywordLogger</class>
  <method>startKeyword</method>
  <thread>1</thread>
  <message>Start action : billAcctID = com.turkuaz.test.pkg.getTransactions.getRandomID()</message>
  <nestedLevel>1</nestedLevel>
  <property name="startLine">18</property>
  <property name="stepIndex">2</property>
</record>
<record>
  <date>2019-05-07T10:35:15</date>
  <millis>1557214515229</millis>
  <sequence>40</sequence>
  <level>PASSED</level>
  <class>com.kms.katalon.core.logging.XmlKeywordLogger</class>
  <method>logMessage</method>
  <thread>1</thread>
  <message>com.turkuaz.test.pkg.getTransactions.getRandomID is PASSED</message>
  <nestedLevel>1</nestedLevel>
</record>
<record>
  <date>2019-05-07T10:35:15</date>
  <millis>1557214515230</millis>
  <sequence>41</sequence>
  <level>END</level>
  <class>com.kms.katalon.core.logging.XmlKeywordLogger</class>
  <method>endKeyword</method>
  <thread>1</thread>
  <message>End action : billAcctID = com.turkuaz.test.pkg.getTransactions.getRandomID()</message>
  <nestedLevel>1</nestedLevel>
</record>
<record>
  <date>2019-05-07T10:35:15</date>
  <millis>1557214515230</millis>
  <sequence>42</sequence>
  <level>START</level>
  <class>com.kms.katalon.core.logging.XmlKeywordLogger</class>
  <method>startKeyword</method>
  <thread>1</thread>
  <message>Start action : println(\&amp;quot;billAcctID : \&amp;quot; + billAcctID)</message>
  <nestedLevel>1</nestedLevel>
  <property name="startLine">20</property>
  <property name="stepIndex">3</property>
</record>
<record>
  <date>2019-05-07T10:35:15</date>
  <millis>1557214515233</millis>
  <sequence>43</sequence>
  <level>END</level>
  <class>com.kms.katalon.core.logging.XmlKeywordLogger</class>
  <method>endKeyword</method>
  <thread>1</thread>
  <message>End action : println(\&amp;quot;billAcctID : \&amp;quot; + billAcctID)</message>
  <nestedLevel>1</nestedLevel>
</record>
<record>
  <date>2019-05-07T10:35:15</date>
  <millis>1557214515233</millis>
  <sequence>44</sequence>
  <level>START</level>
  <class>com.kms.katalon.core.logging.XmlKeywordLogger</class>
  <method>startKeyword</method>
  <thread>1</thread>
  <message>Start action : response1 = sendRequest(findTestObject(\&amp;quot;Customer/CreateCompositeCustomer\&amp;quot;, [\&amp;quot;custID\&amp;quot;:custID, \&amp;quot;billAcctID\&amp;quot;:billAcctID]))</message>
  <nestedLevel>1</nestedLevel>
  <property name="startLine">22</property>
  <property name="stepIndex">4</property>
</record>
<record>
  <date>2019-05-07T10:35:16</date>
  <millis>1557214516303</millis>
  <sequence>48</sequence>
  <level>INFO</level>
  <class>com.kms.katalon.core.logging.XmlKeywordLogger</class>
  <method>logMessage</method>
  <thread>1</thread>
  <message>HAR: C:\\Users\\7713\\Katalon Studio\\Turkuaz_Test_Project\\Reports\\TS_1_Create_and_Verification_Account\\20190507_103509\\requests\\main\\null.har</message>
  <nestedLevel>1</nestedLevel>
  <property name="harId">d33dcb13-a43b-4ea7-8685-72fd853c9c68</property>
</record>
<record>
  <date>2019-05-07T10:35:16</date>
  <millis>1557214516314</millis>
  <sequence>49</sequence>
  <level>PASSED</level>
  <class>com.kms.katalon.core.logging.XmlKeywordLogger</class>
  <method>logMessage</method>
  <thread>1</thread>
  <message>Send request successfully</message>
  <nestedLevel>1</nestedLevel>
</record>
<record>
  <date>2019-05-07T10:35:16</date>
  <millis>1557214516315</millis>
  <sequence>50</sequence>
  <level>END</level>
  <class>com.kms.katalon.core.logging.XmlKeywordLogger</class>
  <method>endKeyword</method>
  <thread>1</thread>
  <message>End action : response1 = sendRequest(findTestObject(\&amp;quot;Customer/CreateCompositeCustomer\&amp;quot;, [\&amp;quot;custID\&amp;quot;:custID, \&amp;quot;billAcctID\&amp;quot;:billAcctID]))</message>
  <nestedLevel>1</nestedLevel>
</record>
<record>
  <date>2019-05-07T10:35:16</date>
  <millis>1557214516316</millis>
  <sequence>51</sequence>
  <level>START</level>
  <class>com.kms.katalon.core.logging.XmlKeywordLogger</class>
  <method>startKeyword</method>
  <thread>1</thread>
  <message>Start action : println(response1.getResponseText())</message>
  <nestedLevel>1</nestedLevel>
  <property name="startLine">24</property>
  <property name="stepIndex">5</property>
</record>
<record>
  <date>2019-05-07T10:35:16</date>
  <millis>1557214516319</millis>
  <sequence>52</sequence>
  <level>END</level>
  <class>com.kms.katalon.core.logging.XmlKeywordLogger</class>
  <method>endKeyword</method>
  <thread>1</thread>
  <message>End action : println(response1.getResponseText())</message>
  <nestedLevel>1</nestedLevel>
</record>
<record>
  <date>2019-05-07T10:35:16</date>
  <millis>1557214516319</millis>
  <sequence>53</sequence>
  <level>START</level>
  <class>com.kms.katalon.core.logging.XmlKeywordLogger</class>
  <method>startKeyword</method>
  <thread>1</thread>
  <message>Start action : FaultMessageControl = response1.getResponseText()</message>
  <nestedLevel>1</nestedLevel>
  <property name="startLine">26</property>
  <property name="stepIndex">6</property>
</record>
<record>
  <date>2019-05-07T10:35:16</date>
  <millis>1557214516322</millis>
  <sequence>54</sequence>
  <level>END</level>
  <class>com.kms.katalon.core.logging.XmlKeywordLogger</class>
  <method>endKeyword</method>
  <thread>1</thread>
  <message>End action : FaultMessageControl = response1.getResponseText()</message>
  <nestedLevel>1</nestedLevel>
</record>
<record>
  <date>2019-05-07T10:35:16</date>
  <millis>1557214516323</millis>
  <sequence>55</sequence>
  <level>START</level>
  <class>com.kms.katalon.core.logging.XmlKeywordLogger</class>
  <method>startKeyword</method>
  <thread>1</thread>
  <message>Start action : com.oracle.connection.pkg.oracleConnection.closeDatabaseConnection()</message>
  <nestedLevel>1</nestedLevel>
  <property name="startLine">28</property>
  <property name="stepIndex">7</property>
</record>
<record>
  <date>2019-05-07T10:35:16</date>
  <millis>1557214516334</millis>
  <sequence>56</sequence>
  <level>PASSED</level>
  <class>com.kms.katalon.core.logging.XmlKeywordLogger</class>
  <method>logMessage</method>
  <thread>1</thread>
  <message>com.oracle.connection.pkg.oracleConnection.closeDatabaseConnection is PASSED</message>
  <nestedLevel>1</nestedLevel>
</record>
<record>
  <date>2019-05-07T10:35:16</date>
  <millis>1557214516335</millis>
  <sequence>57</sequence>
  <level>END</level>
  <class>com.kms.katalon.core.logging.XmlKeywordLogger</class>
  <method>endKeyword</method>
  <thread>1</thread>
  <message>End action : com.oracle.connection.pkg.oracleConnection.closeDatabaseConnection()</message>
  <nestedLevel>1</nestedLevel>
</record>
<record>
  <date>2019-05-07T10:35:16</date>
  <millis>1557214516336</millis>
  <sequence>58</sequence>
  <level>START</level>
  <class>com.kms.katalon.core.logging.XmlKeywordLogger</class>
  <method>startKeyword</method>
  <thread>1</thread>
  <message>Start action : if (!(FaultMessageControl.contains(\&amp;quot;&amp;lt;FAULT_CODE&amp;gt;\&amp;quot;)))</message>
  <nestedLevel>1</nestedLevel>
  <property name="startLine">30</property>
  <property name="stepIndex">8</property>
</record>
<record>
  <date>2019-05-07T10:35:16</date>
  <millis>1557214516337</millis>
  <sequence>59</sequence>
  <level>START</level>
  <class>com.kms.katalon.core.logging.XmlKeywordLogger</class>
  <method>startKeyword</method>
  <thread>1</thread>
  <message>Start action : println(\&amp;quot;\n***** B A \u015E A R I L I *****\n\&amp;quot;)</message>
  <nestedLevel>2</nestedLevel>
  <property name="startLine">31</property>
  <property name="stepIndex">1</property>
</record>
<record>
  <date>2019-05-07T10:35:16</date>
  <millis>1557214516338</millis>
  <sequence>60</sequence>
  <level>END</level>
  <class>com.kms.katalon.core.logging.XmlKeywordLogger</class>
  <method>endKeyword</method>
  <thread>1</thread>
  <message>End action : println(\&amp;quot;\n***** B A \u015E A R I L I *****\n\&amp;quot;)</message>
  <nestedLevel>2</nestedLevel>
</record>
<record>
  <date>2019-05-07T10:35:16</date>
  <millis>1557214516338</millis>
  <sequence>61</sequence>
  <level>END</level>
  <class>com.kms.katalon.core.logging.XmlKeywordLogger</class>
  <method>endKeyword</method>
  <thread>1</thread>
  <message>End action : if (!(FaultMessageControl.contains(\&amp;quot;&amp;lt;FAULT_CODE&amp;gt;\&amp;quot;)))</message>
  <nestedLevel>1</nestedLevel>
</record>
<record>
  <date>2019-05-07T10:35:16</date>
  <millis>1557214516338</millis>
  <sequence>62</sequence>
  <level>PASSED</level>
  <class>com.kms.katalon.core.logging.XmlKeywordLogger</class>
  <method>logMessage</method>
  <thread>1</thread>
  <message>Test Cases/TC_02_CreateBillingAccount_OK</message>
  <nestedLevel>1</nestedLevel>
</record>
<record>
  <date>2019-05-07T10:35:16</date>
  <millis>1557214516339</millis>
  <sequence>63</sequence>
  <level>END</level>
  <class>com.kms.katalon.core.logging.XmlKeywordLogger</class>
  <method>endTest</method>
  <thread>1</thread>
  <message>End Test Case : Test Cases/TC_02_CreateBillingAccount_OK</message>
  <nestedLevel>0</nestedLevel>
</record>
<record>
  <date>2019-05-07T10:35:16</date>
  <millis>1557214516389</millis>
  <sequence>64</sequence>
  <level>END</level>
  <class>com.kms.katalon.core.logging.XmlKeywordLogger</class>
  <method>endSuite</method>
  <thread>1</thread>
  <message>End Test Suite : Test Suites/TS_1_Create_and_Verification_Account</message>
  <nestedLevel>0</nestedLevel>
</record>
</log>